<?xml version="1.0" encoding="UTF-8"?>
<!-- Generated by org.testng.reporters.JUnitReportReporter -->
<testsuite hostname="DESKTOP-TBUTGKQ" failures="0" tests="2" name="Practice.com.setup" time="0.100" errors="0" timestamp="2024-02-14T10:30:28 IST" skipped="0">
  <testcase classname="Practice.com.setup" name="veriftitle" time="0.016"/>
  <testcase classname="Practice.com.setup" name="logoverify" time="0.084"/>
</testsuite> <!-- Practice.com.setup -->
